[2026-06-20 09:53:25] === Starting E2E Test ===
[2026-06-20 09:53:25] Invoice: E2E-1781942005, Customer: 3, Product: 5, Qty: 2
[2026-06-20 09:53:25] Customer validation passed
[2026-06-20 09:53:25] Transaction started
[2026-06-20 09:53:25] Invoice uniqueness check passed
[2026-06-20 09:53:25] Sale inserted: sale_id=2
[2026-06-20 09:53:25] Sale item inserted
[2026-06-20 09:53:25] Stock check passed: 50 >= 2
[2026-06-20 09:53:25] Stock updated via updateStock()
[2026-06-20 09:53:25] Transaction committed successfully!
[2026-06-20 14:36:55] Request received. Data: {"invoice_no":"INV-20260620-1227","customer_id":null,"discount":1,"grand_total":24.5,"items":[{"product_id":1,"qty":1,"unit_price":25.5}]} User: 1
[2026-06-20 14:36:55] Transaction started for invoice: INV-20260620-1227, customer: , user: 1
[2026-06-20 14:36:55] SUCCESS: Sale committed. Sale ID: 1, Invoice: INV-20260620-1227
[2026-06-20 18:27:26] Request received. Data: {"invoice_no":"INV-20260620-3218","customer_id":null,"discount":1,"grand_total":24.5,"items":[{"product_id":1,"qty":1,"unit_price":25.5}]} User: 1
[2026-06-20 18:27:26] Transaction started for invoice: INV-20260620-3218, customer: , user: 1
[2026-06-20 18:27:26] SUCCESS: Sale committed. Sale ID: 1, Invoice: INV-20260620-3218
[2026-06-21 15:45:46] Request received. Data: {"invoice_no":"INV-20260621-8122","customer_id":null,"discount":0,"grand_total":15,"items":[{"product_id":2,"qty":1,"unit_price":15}]} User: 1
[2026-06-21 15:45:46] Transaction started for invoice: INV-20260621-8122, customer: , user: 1
[2026-06-21 15:45:46] SUCCESS: Sale committed. Sale ID: 2, Invoice: INV-20260621-8122
[2026-06-21 16:58:14] Request received. Data: {"invoice_no":"INV-20260621-7097","customer_id":null,"discount":0,"grand_total":25.5,"items":[{"product_id":1,"qty":1,"unit_price":25.5}]} User: 1
[2026-06-21 16:58:14] Transaction started for invoice: INV-20260621-7097, customer: , user: 1
[2026-06-21 16:58:14] SUCCESS: Sale committed. Sale ID: 3, Invoice: INV-20260621-7097
[2026-06-21 17:57:26] Request received. Data: {"invoice_no":"INV-20260621-1571","customer_id":null,"discount":0,"grand_total":5500,"items":[{"product_id":4,"qty":11,"unit_price":500}]} User: 1
[2026-06-21 17:57:26] Transaction started for invoice: INV-20260621-1571, customer: , user: 1
[2026-06-21 17:57:26] ERROR: Exception caught: Insufficient stock for product id 4
[2026-06-21 17:57:34] Request received. Data: {"invoice_no":"INV-20260621-1571","customer_id":null,"discount":0,"grand_total":5000,"items":[{"product_id":4,"qty":10,"unit_price":500}]} User: 1
[2026-06-21 17:57:34] Transaction started for invoice: INV-20260621-1571, customer: , user: 1
[2026-06-21 17:57:34] SUCCESS: Sale committed. Sale ID: 5, Invoice: INV-20260621-1571
[2026-06-22 15:39:49] Request received. Data: {"invoice_no":"INV-20260622-1628","customer_id":"1","discount":0,"grand_total":25.5,"items":[{"product_id":1,"qty":1,"unit_price":25.5}]} User: 2
[2026-06-22 15:39:49] Transaction started for invoice: INV-20260622-1628, customer: 1, user: 2
[2026-06-22 15:39:49] SUCCESS: Sale committed. Sale ID: 6, Invoice: INV-20260622-1628
[2026-06-22 15:40:19] Request received. Data: {"invoice_no":"INV-20260622-3171","customer_id":null,"discount":0,"grand_total":40.5,"items":[{"product_id":1,"qty":1,"unit_price":25.5},{"product_id":2,"qty":1,"unit_price":15}]} User: 2
[2026-06-22 15:40:19] Transaction started for invoice: INV-20260622-3171, customer: , user: 2
[2026-06-22 15:40:19] SUCCESS: Sale committed. Sale ID: 7, Invoice: INV-20260622-3171
[2026-06-22 17:31:00] Request received. Data: {"invoice_no":"INV-20260622-7418","customer_id":null,"discount":2,"grand_total":23.5,"items":[{"product_id":1,"qty":1,"unit_price":25.5}]} User: 1
[2026-06-22 17:31:00] Transaction started for invoice: INV-20260622-7418, customer: , user: 1
[2026-06-22 17:31:00] SUCCESS: Sale committed. Sale ID: 8, Invoice: INV-20260622-7418
[2026-06-23 06:57:38] Request received. Data: {"invoice_no":"INV-20260623-9492","customer_id":null,"discount":100,"grand_total":943,"items":[{"product_id":6,"qty":1,"unit_price":500},{"product_id":3,"qty":1,"unit_price":2.5},{"product_id":2,"qty":1,"unit_price":15},{"product_id":1,"qty":1,"unit_price":25.5},{"product_id":5,"qty":1,"unit_price":500}]} User: 1
[2026-06-23 06:57:38] Transaction started for invoice: INV-20260623-9492, customer: , user: 1
[2026-06-23 06:57:38] SUCCESS: Sale committed. Sale ID: 9, Invoice: INV-20260623-9492
[2026-06-23 10:56:17] Request received. Data: {"invoice_no":"INV-20260623-9305","customer_id":null,"discount":0,"grand_total":8708,"items":[{"product_id":1,"qty":16,"unit_price":25.5},{"product_id":2,"qty":17,"unit_price":15},{"product_id":3,"qty":18,"unit_price":2.5},{"product_id":6,"qty":11,"unit_price":500},{"product_id":5,"qty":5,"unit_price":500}]} User: 1
[2026-06-23 10:56:17] Transaction started for invoice: INV-20260623-9305, customer: , user: 1
[2026-06-23 10:56:17] SUCCESS: Sale committed. Sale ID: 10, Invoice: INV-20260623-9305
